# JRE version: OpenJDK Runtime Environment AdoptOpenJDK-11.0.11+9 (11.0.11+9) (build 11.0.11+9)
# Java VM: OpenJDK 64-Bit Server VM AdoptOpenJDK-11.0.11+9 (11.0.11+9, mixed mode, tiered, compressed oops, g1 gc, bsd-amd64)
Heap:
 garbage-first heap   total 262144K, used 84929K [0x00000007e0000000, 0x0000000800000000)
  region size 1024K, 18 young (18432K), 11 survivors (11264K)
 Metaspace       used 88183K, capacity 91004K, committed 91136K, reserved 1128448K
  class space    used 10224K, capacity 11498K, committed 11520K, reserved 1048576K
GC Heap History (20 events):
Event: 4.432 GC heap before
{Heap before GC invocations=4 (full 0):
 garbage-first heap   total 262144K, used 41207K [0x00000007e0000000, 0x0000000800000000)
  region size 1024K, 5 young (5120K), 4 survivors (4096K)
 Metaspace       used 20479K, capacity 21057K, committed 21248K, reserved 1069056K
  class space    used 2209K, capacity 2454K, committed 2560K, reserved 1048576K
}
Event: 4.439 GC heap after
{Heap after GC invocations=5 (full 0):
 garbage-first heap   total 262144K, used 41021K [0x00000007e0000000, 0x0000000800000000)
  region size 1024K, 4 young (4096K), 4 survivors (4096K)
 Metaspace       used 20479K, capacity 21057K, committed 21248K, reserved 1069056K
  class space    used 2209K, capacity 2454K, committed 2560K, reserved 1048576K
}
Event: 5.527 GC heap before
{Heap before GC invocations=6 (full 0):
 garbage-first heap   total 262144K, used 140349K [0x00000007e0000000, 0x0000000800000000)
  region size 1024K, 89 young (91136K), 4 survivors (4096K)
 Metaspace       used 27591K, capacity 28374K, committed 28672K, reserved 1075200K
  class space    used 2921K, capacity 3238K, committed 3328K, reserved 1048576K
}
Event: 5.546 GC heap after
{Heap after GC invocations=7 (full 0):
 garbage-first heap   total 262144K, used 47511K [0x00000007e0000000, 0x0000000800000000)
  region size 1024K, 10 young (10240K), 10 survivors (10240K)
 Metaspace       used 27591K, capacity 28374K, committed 28672K, reserved 1075200K
  class space    used 2921K, capacity 3238K, committed 3328K, reserved 1048576K
}
Event: 6.948 GC heap before
{Heap before GC invocations=8 (full 0):
 garbage-first heap   total 262144K, used 169367K [0x00000007e0000000, 0x0000000800000000)
  region size 1024K, 120 young (122880K), 10 survivors (10240K)
 Metaspace       used 40595K, capacity 41723K, committed 41856K, reserved 1087488K
  class space    used 4226K, capacity 4711K, committed 4736K, reserved 1048576K
}
Event: 6.967 GC heap after
{Heap after GC invocations=9 (full 0):
 garbage-first heap   total 262144K, used 51238K [0x00000007e0000000, 0x0000000800000000)
  region size 1024K, 11 young (11264K), 11 survivors (11264K)
 Metaspace       used 40595K, capacity 41723K, committed 41856K, reserved 1087488K
  class space    used 4226K, capacity 4711K, committed 4736K, reserved 1048576K
}
Event: 8.021 GC heap before
{Heap before GC invocations=9 (full 0):
 garbage-first heap   total 262144K, used 124966K [0x00000007e0000000, 0x0000000800000000)
  region size 1024K, 85 young (87040K), 11 survivors (11264K)
 Metaspace       used 46277K, capacity 47565K, committed 47744K, reserved 1091584K
  class space    used 4860K, capacity 5433K, committed 5504K, reserved 1048576K
}
Event: 8.040 GC heap after
{Heap after GC invocations=10 (full 0):
 garbage-first heap   total 262144K, used 55386K [0x00000007e0000000, 0x0000000800000000)
  region size 1024K, 9 young (9216K), 9 survivors (9216K)
 Metaspace       used 46277K, capacity 47565K, committed 47744K, reserved 1091584K
  class space    used 4860K, capacity 5433K, committed 5504K, reserved 1048576K
}
Event: 8.594 GC heap before
{Heap before GC invocations=11 (full 0):
 garbage-first heap   total 262144K, used 179290K [0x00000007e0000000, 0x0000000800000000)
  region size 1024K, 131 young (134144K), 9 survivors (9216K)
 Metaspace       used 54896K, capacity 56407K, committed 56576K, reserved 1099776K
  class space    used 5915K, capacity 6595K, committed 6656K, reserved 1048576K
}
Event: 8.635 GC heap after
{Heap after GC invocations=12 (full 0):
 garbage-first heap   total 262144K, used 59059K [0x00000007e0000000, 0x0000000800000000)
  region size 1024K, 13 young (13312K), 13 survivors (13312K)
 Metaspace       used 54896K, capacity 56407K, committed 56576K, reserved 1099776K
  class space    used 5915K, capacity 6595K, committed 6656K, reserved 1048576K
}
Event: 11.101 GC heap before
{Heap before GC invocations=13 (full 0):
 garbage-first heap   total 262144K, used 195251K [0x00000007e0000000, 0x0000000800000000)
  region size 1024K, 147 young (150528K), 13 survivors (13312K)
 Metaspace       used 64975K, capacity 66936K, committed 67200K, reserved 1107968K
  class space    used 7127K, capacity 7998K, committed 8064K, reserved 1048576K
}
Event: 11.128 GC heap after
{Heap after GC invocations=14 (full 0):
 garbage-first heap   total 262144K, used 68674K [0x00000007e0000000, 0x0000000800000000)
  region size 1024K, 18 young (18432K), 18 survivors (18432K)
 Metaspace       used 64975K, capacity 66936K, committed 67200K, reserved 1107968K
  class space    used 7127K, capacity 7998K, committed 8064K, reserved 1048576K
}
Event: 12.450 GC heap before
{Heap before GC invocations=14 (full 0):
 garbage-first heap   total 262144K, used 203842K [0x00000007e0000000, 0x0000000800000000)
  region size 1024K, 150 young (153600K), 18 survivors (18432K)
 Metaspace       used 69288K, capacity 71427K, committed 71552K, reserved 1112064K
  class space    used 7591K, capacity 8514K, committed 8576K, reserved 1048576K
}
Event: 12.472 GC heap after
{Heap after GC invocations=15 (full 0):
 garbage-first heap   total 262144K, used 73530K [0x00000007e0000000, 0x0000000800000000)
  region size 1024K, 15 young (15360K), 15 survivors (15360K)
 Metaspace       used 69288K, capacity 71427K, committed 71552K, reserved 1112064K
  class space    used 7591K, capacity 8514K, committed 8576K, reserved 1048576K
}
Event: 13.108 GC heap before
{Heap before GC invocations=15 (full 0):
 garbage-first heap   total 262144K, used 207674K [0x00000007e0000000, 0x0000000800000000)
  region size 1024K, 147 young (150528K), 15 survivors (15360K)
 Metaspace       used 69997K, capacity 72135K, committed 72448K, reserved 1114112K
  class space    used 7647K, capacity 8593K, committed 8704K, reserved 1048576K
}
Event: 13.127 GC heap after
{Heap after GC invocations=16 (full 0):
 garbage-first heap   total 262144K, used 75143K [0x00000007e0000000, 0x0000000800000000)
  region size 1024K, 7 young (7168K), 7 survivors (7168K)
 Metaspace       used 69997K, capacity 72135K, committed 72448K, reserved 1114112K
  class space    used 7647K, capacity 8593K, committed 8704K, reserved 1048576K
}
Event: 15.637 GC heap before
{Heap before GC invocations=16 (full 0):
 garbage-first heap   total 262144K, used 210311K [0x00000007e0000000, 0x0000000800000000)
  region size 1024K, 140 young (143360K), 7 survivors (7168K)
 Metaspace       used 80544K, capacity 83144K, committed 83456K, reserved 1122304K
  class space    used 8955K, capacity 10116K, committed 10240K, reserved 1048576K
}
Event: 15.651 GC heap after
{Heap after GC invocations=17 (full 0):
 garbage-first heap   total 262144K, used 77442K [0x00000007e0000000, 0x0000000800000000)
  region size 1024K, 10 young (10240K), 10 survivors (10240K)
 Metaspace       used 80544K, capacity 83144K, committed 83456K, reserved 1122304K
  class space    used 8955K, capacity 10116K, committed 10240K, reserved 1048576K
}
Event: 21.903 GC heap before
{Heap before GC invocations=17 (full 0):
 garbage-first heap   total 262144K, used 212610K [0x00000007e0000000, 0x0000000800000000)
  region size 1024K, 142 young (145408K), 10 survivors (10240K)
 Metaspace       used 87767K, capacity 90488K, committed 90752K, reserved 1128448K
  class space    used 10150K, capacity 11367K, committed 11392K, reserved 1048576K
}
Event: 21.921 GC heap after
{Heap after GC invocations=18 (full 0):
 garbage-first heap   total 262144K, used 78785K [0x00000007e0000000, 0x0000000800000000)
  region size 1024K, 11 young (11264K), 11 survivors (11264K)
 Metaspace       used 87767K, capacity 90488K, committed 90752K, reserved 1128448K
  class space    used 10150K, capacity 11367K, committed 11392K, reserved 1048576K
}

