# JRE version: OpenJDK Runtime Environment AdoptOpenJDK-11.0.11+9 (11.0.11+9) (build 11.0.11+9)
# Java VM: OpenJDK 64-Bit Server VM AdoptOpenJDK-11.0.11+9 (11.0.11+9, mixed mode, tiered, compressed oops, g1 gc, bsd-amd64)
Heap:
 garbage-first heap   total 262144K, used 94129K [0x00000007e0000000, 0x0000000800000000)
  region size 1024K, 26 young (26624K), 6 survivors (6144K)
 Metaspace       used 83426K, capacity 86059K, committed 86400K, reserved 1124352K
  class space    used 9755K, capacity 10892K, committed 11008K, reserved 1048576K
GC Heap History (20 events):
Event: 1.581 GC heap before
{Heap before GC invocations=1 (full 0):
 garbage-first heap   total 262144K, used 53019K [0x00000007e0000000, 0x0000000800000000)
  region size 1024K, 18 young (18432K), 3 survivors (3072K)
 Metaspace       used 11587K, capacity 11786K, committed 12032K, reserved 1060864K
  class space    used 1137K, capacity 1226K, committed 1280K, reserved 1048576K
}
Event: 1.587 GC heap after
{Heap after GC invocations=2 (full 0):
 garbage-first heap   total 262144K, used 39419K [0x00000007e0000000, 0x0000000800000000)
  region size 1024K, 2 young (2048K), 2 survivors (2048K)
 Metaspace       used 11587K, capacity 11786K, committed 12032K, reserved 1060864K
  class space    used 1137K, capacity 1226K, committed 1280K, reserved 1048576K
}
Event: 2.266 GC heap before
{Heap before GC invocations=2 (full 0):
 garbage-first heap   total 262144K, used 72187K [0x00000007e0000000, 0x0000000800000000)
  region size 1024K, 34 young (34816K), 2 survivors (2048K)
 Metaspace       used 15175K, capacity 15496K, committed 15616K, reserved 1062912K
  class space    used 1590K, capacity 1727K, committed 1792K, reserved 1048576K
}
Event: 2.270 GC heap after
{Heap after GC invocations=3 (full 0):
 garbage-first heap   total 262144K, used 39952K [0x00000007e0000000, 0x0000000800000000)
  region size 1024K, 3 young (3072K), 3 survivors (3072K)
 Metaspace       used 15175K, capacity 15496K, committed 15616K, reserved 1062912K
  class space    used 1590K, capacity 1727K, committed 1792K, reserved 1048576K
}
Event: 3.165 GC heap before
{Heap before GC invocations=3 (full 0):
 garbage-first heap   total 262144K, used 87056K [0x00000007e0000000, 0x0000000800000000)
  region size 1024K, 50 young (51200K), 3 survivors (3072K)
 Metaspace       used 20395K, capacity 20993K, committed 21248K, reserved 1069056K
  class space    used 2205K, capacity 2454K, committed 2560K, reserved 1048576K
}
Event: 3.172 GC heap after
{Heap after GC invocations=4 (full 0):
 garbage-first heap   total 262144K, used 41195K [0x00000007e0000000, 0x0000000800000000)
  region size 1024K, 4 young (4096K), 4 survivors (4096K)
 Metaspace       used 20395K, capacity 20993K, committed 21248K, reserved 1069056K
  class space    used 2205K, capacity 2454K, committed 2560K, reserved 1048576K
}
Event: 4.512 GC heap before
{Heap before GC invocations=5 (full 0):
 garbage-first heap   total 262144K, used 188651K [0x00000007e0000000, 0x0000000800000000)
  region size 1024K, 126 young (129024K), 4 survivors (4096K)
 Metaspace       used 31019K, capacity 31803K, committed 32256K, reserved 1077248K
  class space    used 3161K, capacity 3487K, committed 3584K, reserved 1048576K
}
Event: 4.527 GC heap after
{Heap after GC invocations=6 (full 0):
 garbage-first heap   total 262144K, used 48118K [0x00000007e0000000, 0x0000000800000000)
  region size 1024K, 11 young (11264K), 11 survivors (11264K)
 Metaspace       used 31019K, capacity 31803K, committed 32256K, reserved 1077248K
  class space    used 3161K, capacity 3487K, committed 3584K, reserved 1048576K
}
Event: 4.647 GC heap before
{Heap before GC invocations=6 (full 0):
 garbage-first heap   total 262144K, used 80886K [0x00000007e0000000, 0x0000000800000000)
  region size 1024K, 45 young (46080K), 11 survivors (11264K)
 Metaspace       used 34766K, capacity 35651K, committed 35840K, reserved 1081344K
  class space    used 3600K, capacity 3989K, committed 4096K, reserved 1048576K
}
Event: 4.660 GC heap after
{Heap after GC invocations=7 (full 0):
 garbage-first heap   total 262144K, used 49178K [0x00000007e0000000, 0x0000000800000000)
  region size 1024K, 10 young (10240K), 10 survivors (10240K)
 Metaspace       used 34766K, capacity 35651K, committed 35840K, reserved 1081344K
  class space    used 3600K, capacity 3989K, committed 4096K, reserved 1048576K
}
Event: 6.049 GC heap before
{Heap before GC invocations=8 (full 0):
 garbage-first heap   total 262144K, used 183322K [0x00000007e0000000, 0x0000000800000000)
  region size 1024K, 142 young (145408K), 10 survivors (10240K)
 Metaspace       used 47854K, capacity 49261K, committed 49536K, reserved 1093632K
  class space    used 5078K, capacity 5689K, committed 5760K, reserved 1048576K
}
Event: 6.080 GC heap after
{Heap after GC invocations=9 (full 0):
 garbage-first heap   total 262144K, used 56370K [0x00000007e0000000, 0x0000000800000000)
  region size 1024K, 17 young (17408K), 17 survivors (17408K)
 Metaspace       used 47854K, capacity 49261K, committed 49536K, reserved 1093632K
  class space    used 5078K, capacity 5689K, committed 5760K, reserved 1048576K
}
Event: 6.616 GC heap before
{Heap before GC invocations=10 (full 0):
 garbage-first heap   total 262144K, used 193586K [0x00000007e0000000, 0x0000000800000000)
  region size 1024K, 152 young (155648K), 17 survivors (17408K)
 Metaspace       used 57182K, capacity 58722K, committed 58880K, reserved 1101824K
  class space    used 6221K, capacity 6886K, committed 6912K, reserved 1048576K
}
Event: 6.640 GC heap after
{Heap after GC invocations=11 (full 0):
 garbage-first heap   total 262144K, used 61188K [0x00000007e0000000, 0x0000000800000000)
  region size 1024K, 14 young (14336K), 14 survivors (14336K)
 Metaspace       used 57182K, capacity 58722K, committed 58880K, reserved 1101824K
  class space    used 6221K, capacity 6886K, committed 6912K, reserved 1048576K
}
Event: 8.344 GC heap before
{Heap before GC invocations=11 (full 0):
 garbage-first heap   total 262144K, used 202500K [0x00000007e0000000, 0x0000000800000000)
  region size 1024K, 153 young (156672K), 14 survivors (14336K)
 Metaspace       used 68041K, capacity 70089K, committed 70400K, reserved 1112064K
  class space    used 7519K, capacity 8404K, committed 8448K, reserved 1048576K
}
Event: 8.362 GC heap after
{Heap after GC invocations=12 (full 0):
 garbage-first heap   total 262144K, used 69849K [0x00000007e0000000, 0x0000000800000000)
  region size 1024K, 14 young (14336K), 14 survivors (14336K)
 Metaspace       used 68041K, capacity 70089K, committed 70400K, reserved 1112064K
  class space    used 7519K, capacity 8404K, committed 8448K, reserved 1048576K
}
Event: 11.037 GC heap before
{Heap before GC invocations=12 (full 0):
 garbage-first heap   total 262144K, used 206041K [0x00000007e0000000, 0x0000000800000000)
  region size 1024K, 147 young (150528K), 14 survivors (14336K)
 Metaspace       used 77983K, capacity 80462K, committed 80640K, reserved 1120256K
  class space    used 8867K, capacity 9944K, committed 9984K, reserved 1048576K
}
Event: 11.056 GC heap after
{Heap after GC invocations=13 (full 0):
 garbage-first heap   total 262144K, used 73897K [0x00000007e0000000, 0x0000000800000000)
  region size 1024K, 13 young (13312K), 13 survivors (13312K)
 Metaspace       used 77983K, capacity 80462K, committed 80640K, reserved 1120256K
  class space    used 8867K, capacity 9944K, committed 9984K, reserved 1048576K
}
Event: 14.693 GC heap before
{Heap before GC invocations=13 (full 0):
 garbage-first heap   total 262144K, used 151721K [0x00000007e0000000, 0x0000000800000000)
  region size 1024K, 90 young (92160K), 13 survivors (13312K)
 Metaspace       used 81761K, capacity 84225K, committed 84480K, reserved 1124352K
  class space    used 9510K, capacity 10576K, committed 10624K, reserved 1048576K
}
Event: 14.721 GC heap after
{Heap after GC invocations=14 (full 0):
 garbage-first heap   total 262144K, used 74673K [0x00000007e0000000, 0x0000000800000000)
  region size 1024K, 6 young (6144K), 6 survivors (6144K)
 Metaspace       used 81761K, capacity 84225K, committed 84480K, reserved 1124352K
  class space    used 9510K, capacity 10576K, committed 10624K, reserved 1048576K
}

