# JRE version: OpenJDK Runtime Environment AdoptOpenJDK-11.0.11+9 (11.0.11+9) (build 11.0.11+9)
# Java VM: OpenJDK 64-Bit Server VM AdoptOpenJDK-11.0.11+9 (11.0.11+9, mixed mode, tiered, compressed oops, g1 gc, bsd-amd64)
Heap:
 garbage-first heap   total 262144K, used 99764K [0x00000007e0000000, 0x0000000800000000)
  region size 1024K, 30 young (30720K), 2 survivors (2048K)
 Metaspace       used 83180K, capacity 85800K, committed 85888K, reserved 1124352K
  class space    used 9708K, capacity 10864K, committed 10880K, reserved 1048576K
GC Heap History (20 events):
Event: 1.309 GC heap before
{Heap before GC invocations=2 (full 0):
 garbage-first heap   total 262144K, used 73090K [0x00000007e0000000, 0x0000000800000000)
  region size 1024K, 36 young (36864K), 2 survivors (2048K)
 Metaspace       used 15357K, capacity 15703K, committed 15872K, reserved 1062912K
  class space    used 1608K, capacity 1732K, committed 1792K, reserved 1048576K
}
Event: 1.311 GC heap after
{Heap after GC invocations=3 (full 0):
 garbage-first heap   total 262144K, used 39885K [0x00000007e0000000, 0x0000000800000000)
  region size 1024K, 3 young (3072K), 3 survivors (3072K)
 Metaspace       used 15357K, capacity 15703K, committed 15872K, reserved 1062912K
  class space    used 1608K, capacity 1732K, committed 1792K, reserved 1048576K
}
Event: 1.784 GC heap before
{Heap before GC invocations=3 (full 0):
 garbage-first heap   total 262144K, used 89037K [0x00000007e0000000, 0x0000000800000000)
  region size 1024K, 52 young (53248K), 3 survivors (3072K)
 Metaspace       used 20595K, capacity 21186K, committed 21296K, reserved 1069056K
  class space    used 2215K, capacity 2432K, committed 2432K, reserved 1048576K
}
Event: 1.788 GC heap after
{Heap after GC invocations=4 (full 0):
 garbage-first heap   total 262144K, used 41857K [0x00000007e0000000, 0x0000000800000000)
  region size 1024K, 5 young (5120K), 5 survivors (5120K)
 Metaspace       used 20595K, capacity 21186K, committed 21296K, reserved 1069056K
  class space    used 2215K, capacity 2432K, committed 2432K, reserved 1048576K
}
Event: 2.407 GC heap before
{Heap before GC invocations=5 (full 0):
 garbage-first heap   total 262144K, used 186241K [0x00000007e0000000, 0x0000000800000000)
  region size 1024K, 124 young (126976K), 5 survivors (5120K)
 Metaspace       used 30664K, capacity 31437K, committed 31616K, reserved 1077248K
  class space    used 3134K, capacity 3449K, committed 3456K, reserved 1048576K
}
Event: 2.415 GC heap after
{Heap after GC invocations=6 (full 0):
 garbage-first heap   total 262144K, used 47846K [0x00000007e0000000, 0x0000000800000000)
  region size 1024K, 10 young (10240K), 10 survivors (10240K)
 Metaspace       used 30664K, capacity 31437K, committed 31616K, reserved 1077248K
  class space    used 3134K, capacity 3449K, committed 3456K, reserved 1048576K
}
Event: 2.493 GC heap before
{Heap before GC invocations=6 (full 0):
 garbage-first heap   total 262144K, used 82662K [0x00000007e0000000, 0x0000000800000000)
  region size 1024K, 46 young (47104K), 10 survivors (10240K)
 Metaspace       used 35033K, capacity 35871K, committed 36048K, reserved 1081344K
  class space    used 3630K, capacity 4016K, committed 4096K, reserved 1048576K
}
Event: 2.500 GC heap after
{Heap after GC invocations=7 (full 0):
 garbage-first heap   total 262144K, used 48849K [0x00000007e0000000, 0x0000000800000000)
  region size 1024K, 10 young (10240K), 10 survivors (10240K)
 Metaspace       used 35033K, capacity 35871K, committed 36048K, reserved 1081344K
  class space    used 3630K, capacity 4016K, committed 4096K, reserved 1048576K
}
Event: 3.176 GC heap before
{Heap before GC invocations=8 (full 0):
 garbage-first heap   total 262144K, used 154321K [0x00000007e0000000, 0x0000000800000000)
  region size 1024K, 114 young (116736K), 10 survivors (10240K)
 Metaspace       used 44868K, capacity 46203K, committed 46336K, reserved 1089536K
  class space    used 4733K, capacity 5299K, committed 5376K, reserved 1048576K
}
Event: 3.192 GC heap after
{Heap after GC invocations=9 (full 0):
 garbage-first heap   total 262144K, used 55594K [0x00000007e0000000, 0x0000000800000000)
  region size 1024K, 14 young (14336K), 14 survivors (14336K)
 Metaspace       used 44868K, capacity 46203K, committed 46336K, reserved 1089536K
  class space    used 4733K, capacity 5299K, committed 5376K, reserved 1048576K
}
Event: 3.464 GC heap before
{Heap before GC invocations=10 (full 0):
 garbage-first heap   total 262144K, used 169258K [0x00000007e0000000, 0x0000000800000000)
  region size 1024K, 126 young (129024K), 14 survivors (14336K)
 Metaspace       used 53534K, capacity 54943K, committed 55296K, reserved 1097728K
  class space    used 5713K, capacity 6360K, committed 6400K, reserved 1048576K
}
Event: 3.475 GC heap after
{Heap after GC invocations=11 (full 0):
 garbage-first heap   total 262144K, used 59592K [0x00000007e0000000, 0x0000000800000000)
  region size 1024K, 12 young (12288K), 12 survivors (12288K)
 Metaspace       used 53534K, capacity 54943K, committed 55296K, reserved 1097728K
  class space    used 5713K, capacity 6360K, committed 6400K, reserved 1048576K
}
Event: 4.089 GC heap before
{Heap before GC invocations=11 (full 0):
 garbage-first heap   total 262144K, used 179400K [0x00000007e0000000, 0x0000000800000000)
  region size 1024K, 130 young (133120K), 12 survivors (12288K)
 Metaspace       used 62957K, capacity 64751K, committed 64896K, reserved 1105920K
  class space    used 6924K, capacity 7747K, committed 7808K, reserved 1048576K
}
Event: 4.098 GC heap after
{Heap after GC invocations=12 (full 0):
 garbage-first heap   total 262144K, used 63306K [0x00000007e0000000, 0x0000000800000000)
  region size 1024K, 9 young (9216K), 9 survivors (9216K)
 Metaspace       used 62957K, capacity 64751K, committed 64896K, reserved 1105920K
  class space    used 6924K, capacity 7747K, committed 7808K, reserved 1048576K
}
Event: 5.309 GC heap before
{Heap before GC invocations=12 (full 0):
 garbage-first heap   total 262144K, used 187210K [0x00000007e0000000, 0x0000000800000000)
  region size 1024K, 131 young (134144K), 9 survivors (9216K)
 Metaspace       used 73408K, capacity 75772K, committed 76032K, reserved 1116160K
  class space    used 8160K, capacity 9208K, committed 9216K, reserved 1048576K
}
Event: 5.321 GC heap after
{Heap after GC invocations=13 (full 0):
 garbage-first heap   total 262144K, used 71743K [0x00000007e0000000, 0x0000000800000000)
  region size 1024K, 17 young (17408K), 17 survivors (17408K)
 Metaspace       used 73408K, capacity 75772K, committed 76032K, reserved 1116160K
  class space    used 8160K, capacity 9208K, committed 9216K, reserved 1048576K
}
Event: 5.494 GC heap before
{Heap before GC invocations=13 (full 0):
 garbage-first heap   total 262144K, used 95295K [0x00000007e0000000, 0x0000000800000000)
  region size 1024K, 41 young (41984K), 17 survivors (17408K)
 Metaspace       used 75102K, capacity 77430K, committed 77568K, reserved 1118208K
  class space    used 8372K, capacity 9419K, committed 9472K, reserved 1048576K
}
Event: 5.506 GC heap after
{Heap after GC invocations=14 (full 0):
 garbage-first heap   total 262144K, used 73669K [0x00000007e0000000, 0x0000000800000000)
  region size 1024K, 3 young (3072K), 3 survivors (3072K)
 Metaspace       used 75102K, capacity 77430K, committed 77568K, reserved 1118208K
  class space    used 8372K, capacity 9419K, committed 9472K, reserved 1048576K
}
Event: 6.735 GC heap before
{Heap before GC invocations=15 (full 0):
 garbage-first heap   total 262144K, used 193477K [0x00000007e0000000, 0x0000000800000000)
  region size 1024K, 120 young (122880K), 3 survivors (3072K)
 Metaspace       used 80705K, capacity 83194K, committed 83456K, reserved 1122304K
  class space    used 9370K, capacity 10462K, committed 10496K, reserved 1048576K
}
Event: 6.739 GC heap after
{Heap after GC invocations=16 (full 0):
 garbage-first heap   total 262144K, used 73140K [0x00000007e0000000, 0x0000000800000000)
  region size 1024K, 2 young (2048K), 2 survivors (2048K)
 Metaspace       used 80705K, capacity 83194K, committed 83456K, reserved 1122304K
  class space    used 9370K, capacity 10462K, committed 10496K, reserved 1048576K
}

